<?xml version="1.0" encoding="UTF-8"?>
<!-- Generated by org.testng.reporters.JUnitReportReporter -->
<testsuite hostname="DESKTOP-OP4US6A" failures="0" tests="1" name="AutomationTest.FirstClass" time="13.586" errors="0" timestamp="2021-06-06T12:04:52 IST" skipped="0">
  <testcase classname="AutomationTest.FirstClass" name="setup" time="13.586"/>
  <system-out/>
</testsuite> <!-- AutomationTest.FirstClass -->
